<?xml version="1.0" encoding="UTF-8"?>
<!-- Generated by org.testng.reporters.JUnitXMLReporter -->
<testsuite hostname="Nas" ignored="0" name="Default test" tests="5" failures="0" timestamp="23 Mar 2022 02:12:52 GMT" time="3.447" errors="0">
  <testcase name="dataProviderTest" time="1.639" classname="com.reqres.test.apis.DataProviderTest"/>
  <testcase name="dataProviderTest" time="0.284" classname="com.reqres.test.apis.DataProviderTest"/>
  <testcase name="dataProviderTest" time="0.261" classname="com.reqres.test.apis.DataProviderTest"/>
  <testcase name="dataProviderTest" time="0.259" classname="com.reqres.test.apis.DataProviderTest"/>
  <testcase name="dataProviderTest" time="0.267" classname="com.reqres.test.apis.DataProviderTest"/>
</testsuite> <!-- Default test -->
