<?xml version="1.0" encoding="UTF-8"?>
<!-- Generated by org.testng.reporters.JUnitXMLReporter -->
<testsuite hostname="Nas" ignored="0" name="Command line test" tests="7" failures="0" timestamp="23 Mar 2022 02:33:57 GMT" time="4.907" errors="0">
  <testcase name="dataProviderTest" time="2.378" classname="com.reqres.test.apis.DataProviderTest"/>
  <testcase name="dataProviderTest" time="0.299" classname="com.reqres.test.apis.DataProviderTest"/>
  <testcase name="dataProviderTest" time="0.276" classname="com.reqres.test.apis.DataProviderTest"/>
  <testcase name="dataProviderTest" time="0.254" classname="com.reqres.test.apis.DataProviderTest"/>
  <testcase name="dataProviderTest" time="0.246" classname="com.reqres.test.apis.DataProviderTest"/>
  <testcase name="deleteUserTest" time="0.556" classname="com.reqres.test.apis.DeleteUserApiTest"/>
  <testcase name="testListUserApi" time="0.096" classname="com.reqres.test.apis.ListUserApiTest"/>
</testsuite> <!-- Command line test -->
